{
  "uid" : "785c16b21165f27ad6c3522f95085892",
  "title" : "Attachments test",
  "time" : {
    "start" : 1386599304970,
    "stop" : 1386599304976,
    "duration" : 6
  },
  "summary" : {
    "attachments" : 3,
    "steps" : 3
  },
  "failure" : {
    "message" : "This test should be failed",
    "stackTrace" : "java.lang.AssertionError: This test should be failed\n\tat org.junit.Assert.fail(Assert.java:88)\n\tat org.junit.Assert.assertTrue(Assert.java:41)\n\tat my.company.steps.CommonSteps.makeThisTestFailed(CommonSteps.java:35)\n\tat my.company.ChartsTest.attachmentsTest(ChartsTest.java:27)\n\tat sun.reflect.NativeMethodAccessorImpl.invoke0(Native Method)\n\tat sun.reflect.NativeMethodAccessorImpl.invoke(NativeMethodAccessorImpl.java:57)\n\tat sun.reflect.DelegatingMethodAccessorImpl.invoke(DelegatingMethodAccessorImpl.java:43)\n\tat java.lang.reflect.Method.invoke(Method.java:606)\n\tat org.junit.runners.model.FrameworkMethod$1.runReflectiveCall(FrameworkMethod.java:47)\n\tat org.junit.internal.runners.model.ReflectiveCallable.run(ReflectiveCallable.java:12)\n\tat org.junit.runners.model.FrameworkMethod.invokeExplosively(FrameworkMethod.java:44)\n\tat org.junit.internal.runners.statements.InvokeMethod.evaluate(InvokeMethod.java:17)\n\tat org.junit.rules.TestWatcher$1.evaluate(TestWatcher.java:55)\n\tat org.junit.rules.RunRules.evaluate(RunRules.java:20)\n\tat org.junit.runners.ParentRunner.runLeaf(ParentRunner.java:271)\n\tat org.junit.runners.BlockJUnit4ClassRunner.runChild(BlockJUnit4ClassRunner.java:70)\n\tat org.junit.runners.BlockJUnit4ClassRunner.runChild(BlockJUnit4ClassRunner.java:50)\n\tat org.junit.runners.ParentRunner$3.run(ParentRunner.java:238)\n\tat java.util.concurrent.Executors$RunnableAdapter.call(Executors.java:471)\n\tat java.util.concurrent.FutureTask.run(FutureTask.java:262)\n\tat java.util.concurrent.ThreadPoolExecutor.runWorker(ThreadPoolExecutor.java:1145)\n\tat java.util.concurrent.ThreadPoolExecutor$Worker.run(ThreadPoolExecutor.java:615)\n\tat java.lang.Thread.run(Thread.java:744)\n"
  },
  "description" : "Single-line description",
  "severity" : "CRITICAL",
  "status" : "FAILED",
  "steps" : [ {
    "title" : "Make this test failed",
    "time" : {
      "start" : 1386599304976,
      "stop" : 1386599304976,
      "duration" : 0
    },
    "summary" : {
      "attachments" : 1,
      "steps" : 0
    },
    "status" : "FAILED",
    "attachment" : [ ],
    "steps" : [ ]
  } ],
  "attachments" : [ {
    "title" : "JSON Attachment",
    "source" : "785d87b1-8198-4b9f-b486-d763e3fdac4f-attachment.json",
    "type" : "JSON"
  }, {
    "title" : "XML Attachment",
    "source" : "e231df81-a586-49d2-beb8-f634b0ebd631-attachment.xml",
    "type" : "XML"
  }, {
    "title" : "JPG Attachment",
    "source" : "55a55227-5164-44e2-98d8-c51124bdd533-attachment.jpg",
    "type" : "JPG"
  } ],
  "labels" : [ {
    "name" : "Story",
    "value" : "MyAmazingStory"
  }, {
    "name" : "Feature",
    "value" : "MySecondFeature"
  } ]
}