<?xml version="1.0" encoding="UTF-8" standalone="yes"?>
<ns2:test-suite xmlns:ns2="urn:model.allure.qatools.yandex.ru" start="1386599304967" stop="1386599304976">
    <title>Charts test</title>
    <description>Testsuite has testcases with many steps
    and
many lines in description</description>
    <classname>my.company.ChartsTest</classname>
    <test-cases>
        <test-case start="1386599304970" stop="1386599304971" status="broken" severity="blocker">
            <title>Lot of steps test</title>
            <description>I have many steps 

    Parent Step 
    Last 
    MakeThisTestBroken</description>
            <failure>
                <message>No file found.</message>
                <stack-trace>java.io.FileNotFoundException: No file found.
	at my.company.steps.CommonSteps.makeThisTestBroken(CommonSteps.java:29)
	at my.company.ChartsTest.lotOfStepsTest(ChartsTest.java:36)
	at sun.reflect.NativeMethodAccessorImpl.invoke0(Native Method)
	at sun.reflect.NativeMethodAccessorImpl.invoke(NativeMethodAccessorImpl.java:57)
	at sun.reflect.DelegatingMethodAccessorImpl.invoke(DelegatingMethodAccessorImpl.java:43)
	at java.lang.reflect.Method.invoke(Method.java:606)
	at org.junit.runners.model.FrameworkMethod$1.runReflectiveCall(FrameworkMethod.java:47)
	at org.junit.internal.runners.model.ReflectiveCallable.run(ReflectiveCallable.java:12)
	at org.junit.runners.model.FrameworkMethod.invokeExplosively(FrameworkMethod.java:44)
	at org.junit.internal.runners.statements.InvokeMethod.evaluate(InvokeMethod.java:17)
	at org.junit.rules.TestWatcher$1.evaluate(TestWatcher.java:55)
	at org.junit.rules.RunRules.evaluate(RunRules.java:20)
	at org.junit.runners.ParentRunner.runLeaf(ParentRunner.java:271)
	at org.junit.runners.BlockJUnit4ClassRunner.runChild(BlockJUnit4ClassRunner.java:70)
	at org.junit.runners.BlockJUnit4ClassRunner.runChild(BlockJUnit4ClassRunner.java:50)
	at org.junit.runners.ParentRunner$3.run(ParentRunner.java:238)
	at java.util.concurrent.Executors$RunnableAdapter.call(Executors.java:471)
	at java.util.concurrent.FutureTask.run(FutureTask.java:262)
	at java.util.concurrent.ThreadPoolExecutor.runWorker(ThreadPoolExecutor.java:1145)
	at java.util.concurrent.ThreadPoolExecutor$Worker.run(ThreadPoolExecutor.java:615)
	at java.lang.Thread.run(Thread.java:744)
</stack-trace>
            </failure>
            <steps>
                <step start="1386599304970" stop="1386599304971" status="passed">
                    <title>Parent step</title>
                    <steps>
                        <step start="1386599304971" stop="1386599304971" status="passed">
                            <title>&quot;First nested&quot; step</title>
                        </step>
                        <step start="1386599304971" stop="1386599304971" status="passed">
                            <title>&quot;Second nested&quot; step</title>
                        </step>
                        <step start="1386599304971" stop="1386599304971" status="passed">
                            <title>&quot;Third nested&quot; step</title>
                        </step>
                    </steps>
                </step>
                <step start="1386599304971" stop="1386599304971" status="passed">
                    <title>&quot;Last&quot; step</title>
                </step>
                <step start="1386599304971" stop="1386599304971" status="broken">
                    <title>Make this test broken</title>
                </step>
            </steps>
            <attachments/>
        </test-case>
        <test-case start="1386599304970" stop="1386599304976" status="failed" severity="critical">
            <title>Attachments test</title>
            <description>Single-line description</description>
            <failure>
                <message>This test should be failed</message>
                <stack-trace>java.lang.AssertionError: This test should be failed
	at org.junit.Assert.fail(Assert.java:88)
	at org.junit.Assert.assertTrue(Assert.java:41)
	at my.company.steps.CommonSteps.makeThisTestFailed(CommonSteps.java:35)
	at my.company.ChartsTest.attachmentsTest(ChartsTest.java:27)
	at sun.reflect.NativeMethodAccessorImpl.invoke0(Native Method)
	at sun.reflect.NativeMethodAccessorImpl.invoke(NativeMethodAccessorImpl.java:57)
	at sun.reflect.DelegatingMethodAccessorImpl.invoke(DelegatingMethodAccessorImpl.java:43)
	at java.lang.reflect.Method.invoke(Method.java:606)
	at org.junit.runners.model.FrameworkMethod$1.runReflectiveCall(FrameworkMethod.java:47)
	at org.junit.internal.runners.model.ReflectiveCallable.run(ReflectiveCallable.java:12)
	at org.junit.runners.model.FrameworkMethod.invokeExplosively(FrameworkMethod.java:44)
	at org.junit.internal.runners.statements.InvokeMethod.evaluate(InvokeMethod.java:17)
	at org.junit.rules.TestWatcher$1.evaluate(TestWatcher.java:55)
	at org.junit.rules.RunRules.evaluate(RunRules.java:20)
	at org.junit.runners.ParentRunner.runLeaf(ParentRunner.java:271)
	at org.junit.runners.BlockJUnit4ClassRunner.runChild(BlockJUnit4ClassRunner.java:70)
	at org.junit.runners.BlockJUnit4ClassRunner.runChild(BlockJUnit4ClassRunner.java:50)
	at org.junit.runners.ParentRunner$3.run(ParentRunner.java:238)
	at java.util.concurrent.Executors$RunnableAdapter.call(Executors.java:471)
	at java.util.concurrent.FutureTask.run(FutureTask.java:262)
	at java.util.concurrent.ThreadPoolExecutor.runWorker(ThreadPoolExecutor.java:1145)
	at java.util.concurrent.ThreadPoolExecutor$Worker.run(ThreadPoolExecutor.java:615)
	at java.lang.Thread.run(Thread.java:744)
</stack-trace>
            </failure>
            <steps>
                <step start="1386599304976" stop="1386599304976" status="failed">
                    <title>Make this test failed</title>
                    <attachments>
                        <attachment title="TXT Attachment" source="032d4f6a-e141-4fd3-91e1-8d81926af4e7-attachment.txt" type="txt"/>
                    </attachments>
                </step>
            </steps>
            <attachments>
                <attachment title="JSON Attachment" source="785d87b1-8198-4b9f-b486-d763e3fdac4f-attachment.json" type="json"/>
                <attachment title="XML Attachment" source="e231df81-a586-49d2-beb8-f634b0ebd631-attachment.xml" type="xml"/>
                <attachment title="JPG Attachment" source="55a55227-5164-44e2-98d8-c51124bdd533-attachment.jpg" type="jpg"/>
            </attachments>
            <labels>
                <label name="Story" value="MyAmazingStory"/>
                <label name="Feature" value="MySecondFeature"/>
            </labels>
        </test-case>
    </test-cases>
</ns2:test-suite>
